<?xml version="1.0" encoding="UTF-8"?>
<!-- Generated by org.testng.reporters.JUnitXMLReporter -->
<testsuite ignored="1" hostname="DESKTOP-SONOGT0" failures="0" tests="3" name="Surefire test" time="0.305" errors="0" timestamp="2025-07-09T21:31:23 IST">
  <testcase classname="tests.Basetest1" name="@BeforeTest start_test" time="0.169">
    <failure type="org.openqa.selenium.remote.NoSuchDriverException" message="Unable to obtain: chromedriver, error chromedriver must exist: C:\Users\Pragati Mahajan\Downloads\chromedriver-win64\chromedriver-win64\chromedriver.exe
For documentation on this error, please visit: https://www.selenium.dev/documentation/webdriver/troubleshooting/errors/driver_location/
Build info: version: &amp;apos;4.34.0&amp;apos;, revision: &amp;apos;707dcb4246*&amp;apos;
System info: os.name: &amp;apos;Windows 10&amp;apos;, os.arch: &amp;apos;amd64&amp;apos;, os.version: &amp;apos;10.0&amp;apos;, java.version: &amp;apos;17.0.15&amp;apos;
Driver info: driver.version: ChromeDriver">
      <![CDATA[org.openqa.selenium.remote.NoSuchDriverException: Unable to obtain: chromedriver, error chromedriver must exist: C:\Users\Pragati Mahajan\Downloads\chromedriver-win64\chromedriver-win64\chromedriver.exe
For documentation on this error, please visit: https://www.selenium.dev/documentation/webdriver/troubleshooting/errors/driver_location/
Build info: version: '4.34.0', revision: '707dcb4246*'
System info: os.name: 'Windows 10', os.arch: 'amd64', os.version: '10.0', java.version: '17.0.15'
Driver info: driver.version: ChromeDriver
at org.openqa.selenium.remote.service.DriverFinder.getBinaryPaths(DriverFinder.java:124)
at org.openqa.selenium.remote.service.DriverFinder.getDriverPath(DriverFinder.java:55)
at org.openqa.selenium.chrome.ChromeDriver.generateExecutor(ChromeDriver.java:99)
at org.openqa.selenium.chrome.ChromeDriver.<init>(ChromeDriver.java:88)
at org.openqa.selenium.chrome.ChromeDriver.<init>(ChromeDriver.java:83)
at org.openqa.selenium.chrome.ChromeDriver.<init>(ChromeDriver.java:51)
at tests.Basetest1.start_test(Basetest1.java:20)
Caused by: java.lang.IllegalStateException: chromedriver must exist: C:\Users\Pragati Mahajan\Downloads\chromedriver-win64\chromedriver-win64\chromedriver.exe
at org.openqa.selenium.internal.Require$PathStateChecker.isExecutable(Require.java:370)
at org.openqa.selenium.remote.service.DriverFinder.getBinaryPaths(DriverFinder.java:121)
... 35 more
... Removed 29 stack frames]]>
    </failure>
  </testcase> <!-- @BeforeTest start_test -->
  <testcase classname="tests.DragDropTest" name="case1" time="0.0">
    <skipped/>
  </testcase> <!-- case1 -->
  <testcase classname="tests.DragDropTest" name="case2" time="0.0">
    <skipped/>
  </testcase> <!-- case2 -->
  <testcase classname="tests.SelectTest" name="case1" time="0.0">
    <skipped/>
  </testcase> <!-- case1 -->
  <testcase classname="tests.Basetest1" name="@BeforeTest start_test" time="0.0">
    <ignored/>
  </testcase> <!-- @BeforeTest start_test -->
</testsuite> <!-- Surefire test -->
